[1.969s] DEBUG:colcon:Command line arguments: ['/usr/bin/colcon', 'build']
[1.969s] DEBUG:colcon:Parsed command line arguments: Namespace(log_base=None, log_level=None, verb_name='build', build_base='build', install_base='install', merge_install=False, symlink_install=False, test_result_base=None, continue_on_error=False, executor='parallel', parallel_workers=8, event_handlers=None, ignore_user_meta=False, metas=['./colcon.meta'], base_paths=['.'], packages_ignore=None, packages_ignore_regex=None, paths=None, packages_up_to=None, packages_up_to_regex=None, packages_above=None, packages_above_and_dependencies=None, packages_above_depth=None, packages_select_by_dep=None, packages_skip_by_dep=None, packages_skip_up_to=None, packages_select_build_failed=False, packages_skip_build_finished=False, packages_select_test_failures=False, packages_skip_test_passed=False, packages_select=None, packages_skip=None, packages_select_regex=None, packages_skip_regex=None, packages_start=None, packages_end=None, allow_overriding=[], cmake_args=None, cmake_target=None, cmake_target_skip_unavailable=False, cmake_clean_cache=False, cmake_clean_first=False, cmake_force_configure=False, ament_cmake_args=None, catkin_cmake_args=None, catkin_skip_building_tests=False, verb_parser=<colcon_defaults.argument_parser.defaults.DefaultArgumentsDecorator object at 0x7fe287376ad0>, verb_extension=<colcon_core.verb.build.BuildVerb object at 0x7fe2877efb80>, main=<bound method BuildVerb.main of <colcon_core.verb.build.BuildVerb object at 0x7fe2877efb80>>)
[2.059s] Level 1:colcon.colcon_core.package_discovery:discover_packages(colcon_meta) check parameters
[2.060s] Level 1:colcon.colcon_core.package_discovery:discover_packages(recursive) check parameters
[2.060s] Level 1:colcon.colcon_core.package_discovery:discover_packages(ignore) check parameters
[2.060s] Level 1:colcon.colcon_core.package_discovery:discover_packages(path) check parameters
[2.060s] Level 1:colcon.colcon_core.package_discovery:discover_packages(colcon_meta) discover
[2.060s] Level 1:colcon.colcon_core.package_discovery:discover_packages(recursive) discover
[2.060s] INFO:colcon.colcon_core.package_discovery:Crawling recursively for packages in '/home/marcos/PracticaROS'
[2.060s] Level 1:colcon.colcon_core.package_identification:_identify(.) by extensions ['ignore', 'ignore_ament_install']
[2.060s] Level 1:colcon.colcon_core.package_identification:_identify(.) by extension 'ignore'
[2.060s] Level 1:colcon.colcon_core.package_identification:_identify(.) by extension 'ignore_ament_install'
[2.060s] Level 1:colcon.colcon_core.package_identification:_identify(.) by extensions ['colcon_pkg']
[2.060s] Level 1:colcon.colcon_core.package_identification:_identify(.) by extension 'colcon_pkg'
[2.060s] Level 1:colcon.colcon_core.package_identification:_identify(.) by extensions ['colcon_meta']
[2.060s] Level 1:colcon.colcon_core.package_identification:_identify(.) by extension 'colcon_meta'
[2.061s] Level 1:colcon.colcon_core.package_identification:_identify(.) by extensions ['ros']
[2.061s] Level 1:colcon.colcon_core.package_identification:_identify(.) by extension 'ros'
[2.081s] Level 1:colcon.colcon_core.package_identification:_identify(.) by extensions ['cmake', 'python']
[2.081s] Level 1:colcon.colcon_core.package_identification:_identify(.) by extension 'cmake'
[2.081s] Level 1:colcon.colcon_core.package_identification:_identify(.) by extension 'python'
[2.081s] Level 1:colcon.colcon_core.package_identification:_identify(.) by extensions ['python_setup_py']
[2.081s] Level 1:colcon.colcon_core.package_identification:_identify(.) by extension 'python_setup_py'
[2.081s] Level 1:colcon.colcon_core.package_identification:_identify(build) by extensions ['ignore', 'ignore_ament_install']
[2.082s] Level 1:colcon.colcon_core.package_identification:_identify(build) by extension 'ignore'
[2.082s] Level 1:colcon.colcon_core.package_identification:_identify(build) ignored
[2.082s] Level 1:colcon.colcon_core.package_identification:_identify(install) by extensions ['ignore', 'ignore_ament_install']
[2.082s] Level 1:colcon.colcon_core.package_identification:_identify(install) by extension 'ignore'
[2.082s] Level 1:colcon.colcon_core.package_identification:_identify(install) ignored
[2.082s] Level 1:colcon.colcon_core.package_identification:_identify(log) by extensions ['ignore', 'ignore_ament_install']
[2.082s] Level 1:colcon.colcon_core.package_identification:_identify(log) by extension 'ignore'
[2.082s] Level 1:colcon.colcon_core.package_identification:_identify(log) ignored
[2.082s] Level 1:colcon.colcon_core.package_identification:_identify(src) by extensions ['ignore', 'ignore_ament_install']
[2.082s] Level 1:colcon.colcon_core.package_identification:_identify(src) by extension 'ignore'
[2.082s] Level 1:colcon.colcon_core.package_identification:_identify(src) by extension 'ignore_ament_install'
[2.083s] Level 1:colcon.colcon_core.package_identification:_identify(src) by extensions ['colcon_pkg']
[2.083s] Level 1:colcon.colcon_core.package_identification:_identify(src) by extension 'colcon_pkg'
[2.083s] Level 1:colcon.colcon_core.package_identification:_identify(src) by extensions ['colcon_meta']
[2.083s] Level 1:colcon.colcon_core.package_identification:_identify(src) by extension 'colcon_meta'
[2.083s] Level 1:colcon.colcon_core.package_identification:_identify(src) by extensions ['ros']
[2.083s] Level 1:colcon.colcon_core.package_identification:_identify(src) by extension 'ros'
[2.083s] Level 1:colcon.colcon_core.package_identification:_identify(src) by extensions ['cmake', 'python']
[2.083s] Level 1:colcon.colcon_core.package_identification:_identify(src) by extension 'cmake'
[2.083s] Level 1:colcon.colcon_core.package_identification:_identify(src) by extension 'python'
[2.083s] Level 1:colcon.colcon_core.package_identification:_identify(src) by extensions ['python_setup_py']
[2.083s] Level 1:colcon.colcon_core.package_identification:_identify(src) by extension 'python_setup_py'
[2.083s] Level 1:colcon.colcon_core.package_identification:_identify(src/reactive_nav) by extensions ['ignore', 'ignore_ament_install']
[2.083s] Level 1:colcon.colcon_core.package_identification:_identify(src/reactive_nav) by extension 'ignore'
[2.083s] Level 1:colcon.colcon_core.package_identification:_identify(src/reactive_nav) by extension 'ignore_ament_install'
[2.083s] Level 1:colcon.colcon_core.package_identification:_identify(src/reactive_nav) by extensions ['colcon_pkg']
[2.083s] Level 1:colcon.colcon_core.package_identification:_identify(src/reactive_nav) by extension 'colcon_pkg'
[2.083s] Level 1:colcon.colcon_core.package_identification:_identify(src/reactive_nav) by extensions ['colcon_meta']
[2.083s] Level 1:colcon.colcon_core.package_identification:_identify(src/reactive_nav) by extension 'colcon_meta'
[2.084s] Level 1:colcon.colcon_core.package_identification:_identify(src/reactive_nav) by extensions ['ros']
[2.084s] Level 1:colcon.colcon_core.package_identification:_identify(src/reactive_nav) by extension 'ros'
[2.088s] DEBUG:colcon.colcon_core.package_identification:Package 'src/reactive_nav' with type 'ros.ament_python' and name 'reactive_nav'
[2.088s] Level 1:colcon.colcon_core.package_discovery:discover_packages(recursive) using defaults
[2.088s] Level 1:colcon.colcon_core.package_discovery:discover_packages(ignore) discover
[2.088s] Level 1:colcon.colcon_core.package_discovery:discover_packages(ignore) using defaults
[2.088s] Level 1:colcon.colcon_core.package_discovery:discover_packages(path) discover
[2.088s] Level 1:colcon.colcon_core.package_discovery:discover_packages(path) using defaults
[2.267s] Level 1:colcon.colcon_core.package_discovery:discover_packages(prefix_path) check parameters
[2.267s] Level 1:colcon.colcon_core.package_discovery:discover_packages(prefix_path) discover
[2.298s] WARNING:colcon.colcon_ros.prefix_path.ament:The path '/home/marcos/PracticaROS/install/paquete_practica9' in the environment variable AMENT_PREFIX_PATH doesn't exist
[2.298s] WARNING:colcon.colcon_ros.prefix_path.ament:The path '/home/marcos/install/paquete_practica9' in the environment variable AMENT_PREFIX_PATH doesn't exist
[2.326s] DEBUG:colcon.colcon_installed_package_information.package_discovery:Found 1 installed packages in /home/marcos/PracticaROS/install
[2.349s] DEBUG:colcon.colcon_installed_package_information.package_discovery:Found 1 installed packages in /home/marcos/install
[2.383s] DEBUG:colcon.colcon_installed_package_information.package_discovery:Found 272 installed packages in /opt/ros/humble
[2.384s] Level 1:colcon.colcon_core.package_discovery:discover_packages(prefix_path) using defaults
[2.567s] Level 5:colcon.colcon_core.verb:set package 'reactive_nav' build argument 'cmake_args' from command line to 'None'
[2.567s] Level 5:colcon.colcon_core.verb:set package 'reactive_nav' build argument 'cmake_target' from command line to 'None'
[2.568s] Level 5:colcon.colcon_core.verb:set package 'reactive_nav' build argument 'cmake_target_skip_unavailable' from command line to 'False'
[2.568s] Level 5:colcon.colcon_core.verb:set package 'reactive_nav' build argument 'cmake_clean_cache' from command line to 'False'
[2.568s] Level 5:colcon.colcon_core.verb:set package 'reactive_nav' build argument 'cmake_clean_first' from command line to 'False'
[2.568s] Level 5:colcon.colcon_core.verb:set package 'reactive_nav' build argument 'cmake_force_configure' from command line to 'False'
[2.568s] Level 5:colcon.colcon_core.verb:set package 'reactive_nav' build argument 'ament_cmake_args' from command line to 'None'
[2.568s] Level 5:colcon.colcon_core.verb:set package 'reactive_nav' build argument 'catkin_cmake_args' from command line to 'None'
[2.568s] Level 5:colcon.colcon_core.verb:set package 'reactive_nav' build argument 'catkin_skip_building_tests' from command line to 'False'
[2.568s] DEBUG:colcon.colcon_core.verb:Building package 'reactive_nav' with the following arguments: {'ament_cmake_args': None, 'build_base': '/home/marcos/PracticaROS/build/reactive_nav', 'catkin_cmake_args': None, 'catkin_skip_building_tests': False, 'cmake_args': None, 'cmake_clean_cache': False, 'cmake_clean_first': False, 'cmake_force_configure': False, 'cmake_target': None, 'cmake_target_skip_unavailable': False, 'install_base': '/home/marcos/PracticaROS/install/reactive_nav', 'merge_install': False, 'path': '/home/marcos/PracticaROS/src/reactive_nav', 'symlink_install': False, 'test_result_base': None}
[2.595s] INFO:colcon.colcon_core.executor:Executing jobs using 'parallel' executor
[2.623s] DEBUG:colcon.colcon_parallel_executor.executor.parallel:run_until_complete
[2.623s] INFO:colcon.colcon_ros.task.ament_python.build:Building ROS package in '/home/marcos/PracticaROS/src/reactive_nav' with build type 'ament_python'
[2.624s] Level 1:colcon.colcon_core.shell:create_environment_hook('reactive_nav', 'ament_prefix_path')
[2.653s] INFO:colcon.colcon_core.plugin_system:Skipping extension 'colcon_core.shell.bat': Not used on non-Windows systems
[2.653s] INFO:colcon.colcon_core.shell:Creating environment hook '/home/marcos/PracticaROS/install/reactive_nav/share/reactive_nav/hook/ament_prefix_path.ps1'
[2.655s] INFO:colcon.colcon_core.shell:Creating environment descriptor '/home/marcos/PracticaROS/install/reactive_nav/share/reactive_nav/hook/ament_prefix_path.dsv'
[2.656s] INFO:colcon.colcon_core.shell:Creating environment hook '/home/marcos/PracticaROS/install/reactive_nav/share/reactive_nav/hook/ament_prefix_path.sh'
[2.687s] INFO:colcon.colcon_core.shell:Skip shell extension 'powershell' for command environment: Not usable outside of PowerShell
[2.687s] DEBUG:colcon.colcon_core.shell:Skip shell extension 'dsv' for command environment
[3.341s] INFO:colcon.colcon_core.task.python.build:Building Python package in '/home/marcos/PracticaROS/src/reactive_nav'
[3.364s] INFO:colcon.colcon_core.shell:Skip shell extension 'powershell' for command environment: Not usable outside of PowerShell
[3.364s] DEBUG:colcon.colcon_core.shell:Skip shell extension 'dsv' for command environment
[4.192s] DEBUG:colcon.colcon_core.event_handler.log_command:Invoking command in '/home/marcos/PracticaROS/src/reactive_nav': PYTHONPATH=/home/marcos/PracticaROS/build/reactive_nav/prefix_override:/home/marcos/PracticaROS/install/reactive_nav/lib/python3.10/site-packages:${PYTHONPATH} /usr/bin/python3 setup.py egg_info --egg-base ../../build/reactive_nav build --build-base /home/marcos/PracticaROS/build/reactive_nav/build install --record /home/marcos/PracticaROS/build/reactive_nav/install.log --single-version-externally-managed
[4.820s] DEBUG:colcon.colcon_core.event_handler.log_command:Invoked command in '/home/marcos/PracticaROS/src/reactive_nav' returned '0': PYTHONPATH=/home/marcos/PracticaROS/build/reactive_nav/prefix_override:/home/marcos/PracticaROS/install/reactive_nav/lib/python3.10/site-packages:${PYTHONPATH} /usr/bin/python3 setup.py egg_info --egg-base ../../build/reactive_nav build --build-base /home/marcos/PracticaROS/build/reactive_nav/build install --record /home/marcos/PracticaROS/build/reactive_nav/install.log --single-version-externally-managed
[4.856s] Level 1:colcon.colcon_core.environment:checking '/home/marcos/PracticaROS/install/reactive_nav' for CMake module files
[4.856s] Level 1:colcon.colcon_core.environment:checking '/home/marcos/PracticaROS/install/reactive_nav' for CMake config files
[4.858s] Level 1:colcon.colcon_core.environment:checking '/home/marcos/PracticaROS/install/reactive_nav/lib'
[4.858s] Level 1:colcon.colcon_core.environment:checking '/home/marcos/PracticaROS/install/reactive_nav/bin'
[4.858s] Level 1:colcon.colcon_core.environment:checking '/home/marcos/PracticaROS/install/reactive_nav/lib/pkgconfig/reactive_nav.pc'
[4.859s] Level 1:colcon.colcon_core.environment:checking '/home/marcos/PracticaROS/install/reactive_nav/lib/python3.10/site-packages'
[4.859s] Level 1:colcon.colcon_core.shell:create_environment_hook('reactive_nav', 'pythonpath')
[4.887s] INFO:colcon.colcon_core.shell:Creating environment hook '/home/marcos/PracticaROS/install/reactive_nav/share/reactive_nav/hook/pythonpath.ps1'
[4.888s] INFO:colcon.colcon_core.shell:Creating environment descriptor '/home/marcos/PracticaROS/install/reactive_nav/share/reactive_nav/hook/pythonpath.dsv'
[4.889s] INFO:colcon.colcon_core.shell:Creating environment hook '/home/marcos/PracticaROS/install/reactive_nav/share/reactive_nav/hook/pythonpath.sh'
[4.890s] Level 1:colcon.colcon_core.environment:checking '/home/marcos/PracticaROS/install/reactive_nav/bin'
[4.890s] Level 1:colcon.colcon_core.environment:create_environment_scripts_only(reactive_nav)
[4.952s] INFO:colcon.colcon_core.shell:Creating package script '/home/marcos/PracticaROS/install/reactive_nav/share/reactive_nav/package.ps1'
[4.953s] INFO:colcon.colcon_core.shell:Creating package descriptor '/home/marcos/PracticaROS/install/reactive_nav/share/reactive_nav/package.dsv'
[4.954s] INFO:colcon.colcon_core.shell:Creating package script '/home/marcos/PracticaROS/install/reactive_nav/share/reactive_nav/package.sh'
[4.955s] INFO:colcon.colcon_core.shell:Creating package script '/home/marcos/PracticaROS/install/reactive_nav/share/reactive_nav/package.bash'
[4.955s] INFO:colcon.colcon_core.shell:Creating package script '/home/marcos/PracticaROS/install/reactive_nav/share/reactive_nav/package.zsh'
[4.956s] Level 1:colcon.colcon_core.environment:create_file_with_runtime_dependencies(/home/marcos/PracticaROS/install/reactive_nav/share/colcon-core/packages/reactive_nav)
[4.957s] DEBUG:colcon.colcon_parallel_executor.executor.parallel:closing loop
[4.957s] DEBUG:colcon.colcon_parallel_executor.executor.parallel:loop closed
[4.958s] DEBUG:colcon.colcon_parallel_executor.executor.parallel:run_until_complete finished with '0'
[4.958s] DEBUG:colcon.colcon_core.event_reactor:joining thread
[5.051s] INFO:colcon.colcon_core.plugin_system:Skipping extension 'colcon_notification.desktop_notification.notify_send': Could not find 'notify-send'
[5.051s] INFO:colcon.colcon_core.plugin_system:Skipping extension 'colcon_notification.desktop_notification.terminal_notifier': Not used on non-Darwin systems
[5.052s] INFO:colcon.colcon_core.plugin_system:Skipping extension 'colcon_notification.desktop_notification.win32': Not used on non-Windows systems
[5.052s] INFO:colcon.colcon_notification.desktop_notification:Sending desktop notification using 'notify2'
[5.052s] DEBUG:colcon.colcon_notification.desktop_notification.notify2:Failed to initialize notify2: org.freedesktop.DBus.Error.FileNotFound: Failed to connect to socket /run/user/1000/bus: No such file or directory
[5.052s] DEBUG:colcon.colcon_core.event_reactor:joined thread
[5.076s] INFO:colcon.colcon_core.shell:Creating prefix script '/home/marcos/PracticaROS/install/local_setup.ps1'
[5.078s] INFO:colcon.colcon_core.shell:Creating prefix util module '/home/marcos/PracticaROS/install/_local_setup_util_ps1.py'
[5.081s] INFO:colcon.colcon_core.shell:Creating prefix chain script '/home/marcos/PracticaROS/install/setup.ps1'
[5.107s] INFO:colcon.colcon_core.shell:Creating prefix script '/home/marcos/PracticaROS/install/local_setup.sh'
[5.108s] INFO:colcon.colcon_core.shell:Creating prefix util module '/home/marcos/PracticaROS/install/_local_setup_util_sh.py'
[5.109s] INFO:colcon.colcon_core.shell:Creating prefix chain script '/home/marcos/PracticaROS/install/setup.sh'
[5.131s] INFO:colcon.colcon_core.shell:Creating prefix script '/home/marcos/PracticaROS/install/local_setup.bash'
[5.132s] INFO:colcon.colcon_core.shell:Creating prefix chain script '/home/marcos/PracticaROS/install/setup.bash'
[5.163s] INFO:colcon.colcon_core.shell:Creating prefix script '/home/marcos/PracticaROS/install/local_setup.zsh'
[5.164s] INFO:colcon.colcon_core.shell:Creating prefix chain script '/home/marcos/PracticaROS/install/setup.zsh'
