[1.397s] Invoking command in '/home/marcos/PracticaROS/src/reactive_nav': PYTHONPATH=/home/marcos/PracticaROS/build/reactive_nav/prefix_override:/home/marcos/PracticaROS/install/reactive_nav/lib/python3.10/site-packages:${PYTHONPATH} /usr/bin/python3 setup.py egg_info --egg-base ../../build/reactive_nav build --build-base /home/marcos/PracticaROS/build/reactive_nav/build install --record /home/marcos/PracticaROS/build/reactive_nav/install.log --single-version-externally-managed
[1.814s] running egg_info
[1.815s] writing ../../build/reactive_nav/reactive_nav.egg-info/PKG-INFO
[1.817s] writing dependency_links to ../../build/reactive_nav/reactive_nav.egg-info/dependency_links.txt
[1.818s] writing entry points to ../../build/reactive_nav/reactive_nav.egg-info/entry_points.txt
[1.818s] writing requirements to ../../build/reactive_nav/reactive_nav.egg-info/requires.txt
[1.818s] writing top-level names to ../../build/reactive_nav/reactive_nav.egg-info/top_level.txt
[1.825s] reading manifest file '../../build/reactive_nav/reactive_nav.egg-info/SOURCES.txt'
[1.826s] writing manifest file '../../build/reactive_nav/reactive_nav.egg-info/SOURCES.txt'
[1.826s] running build
[1.826s] running build_py
[1.827s] copying reactive_nav/potential_fields_nav.py -> /home/marcos/PracticaROS/build/reactive_nav/build/lib/reactive_nav
[1.827s] running install
[1.827s] running install_lib
[1.828s] copying /home/marcos/PracticaROS/build/reactive_nav/build/lib/reactive_nav/potential_fields_nav.py -> /home/marcos/PracticaROS/install/reactive_nav/lib/python3.10/site-packages/reactive_nav
[1.829s] byte-compiling /home/marcos/PracticaROS/install/reactive_nav/lib/python3.10/site-packages/reactive_nav/potential_fields_nav.py to potential_fields_nav.cpython-310.pyc
[1.833s] running install_data
[1.835s] running install_egg_info
[1.839s] removing '/home/marcos/PracticaROS/install/reactive_nav/lib/python3.10/site-packages/reactive_nav-0.0.0-py3.10.egg-info' (and everything under it)
[1.839s] Copying ../../build/reactive_nav/reactive_nav.egg-info to /home/marcos/PracticaROS/install/reactive_nav/lib/python3.10/site-packages/reactive_nav-0.0.0-py3.10.egg-info
[1.839s] running install_scripts
[1.878s] Installing potential_fields_nav script to /home/marcos/PracticaROS/install/reactive_nav/lib/reactive_nav
[1.879s] writing list of installed files to '/home/marcos/PracticaROS/build/reactive_nav/install.log'
[1.968s] Invoked command in '/home/marcos/PracticaROS/src/reactive_nav' returned '0': PYTHONPATH=/home/marcos/PracticaROS/build/reactive_nav/prefix_override:/home/marcos/PracticaROS/install/reactive_nav/lib/python3.10/site-packages:${PYTHONPATH} /usr/bin/python3 setup.py egg_info --egg-base ../../build/reactive_nav build --build-base /home/marcos/PracticaROS/build/reactive_nav/build install --record /home/marcos/PracticaROS/build/reactive_nav/install.log --single-version-externally-managed
