[1.103s] Invoking command in '/home/marcos/PracticaROS/src/reactive_nav': PYTHONPATH=/home/marcos/PracticaROS/build/reactive_nav/prefix_override:/home/marcos/PracticaROS/install/reactive_nav/lib/python3.10/site-packages:${PYTHONPATH} /usr/bin/python3 setup.py egg_info --egg-base ../../build/reactive_nav build --build-base /home/marcos/PracticaROS/build/reactive_nav/build install --record /home/marcos/PracticaROS/build/reactive_nav/install.log --single-version-externally-managed
[1.378s] running egg_info
[1.379s] writing ../../build/reactive_nav/reactive_nav.egg-info/PKG-INFO
[1.381s] writing dependency_links to ../../build/reactive_nav/reactive_nav.egg-info/dependency_links.txt
[1.381s] writing entry points to ../../build/reactive_nav/reactive_nav.egg-info/entry_points.txt
[1.381s] writing requirements to ../../build/reactive_nav/reactive_nav.egg-info/requires.txt
[1.382s] writing top-level names to ../../build/reactive_nav/reactive_nav.egg-info/top_level.txt
[1.384s] reading manifest file '../../build/reactive_nav/reactive_nav.egg-info/SOURCES.txt'
[1.386s] writing manifest file '../../build/reactive_nav/reactive_nav.egg-info/SOURCES.txt'
[1.386s] running build
[1.386s] running build_py
[1.386s] copying reactive_nav/potential_fields_nav.py -> /home/marcos/PracticaROS/build/reactive_nav/build/lib/reactive_nav
[1.387s] running install
[1.387s] running install_lib
[1.388s] copying /home/marcos/PracticaROS/build/reactive_nav/build/lib/reactive_nav/potential_fields_nav.py -> /home/marcos/PracticaROS/install/reactive_nav/lib/python3.10/site-packages/reactive_nav
[1.388s] byte-compiling /home/marcos/PracticaROS/install/reactive_nav/lib/python3.10/site-packages/reactive_nav/potential_fields_nav.py to potential_fields_nav.cpython-310.pyc
[1.390s] running install_data
[1.390s] running install_egg_info
[1.392s] removing '/home/marcos/PracticaROS/install/reactive_nav/lib/python3.10/site-packages/reactive_nav-0.0.0-py3.10.egg-info' (and everything under it)
[1.393s] Copying ../../build/reactive_nav/reactive_nav.egg-info to /home/marcos/PracticaROS/install/reactive_nav/lib/python3.10/site-packages/reactive_nav-0.0.0-py3.10.egg-info
[1.394s] running install_scripts
[1.416s] Installing potential_fields_nav script to /home/marcos/PracticaROS/install/reactive_nav/lib/reactive_nav
[1.416s] writing list of installed files to '/home/marcos/PracticaROS/build/reactive_nav/install.log'
[1.444s] Invoked command in '/home/marcos/PracticaROS/src/reactive_nav' returned '0': PYTHONPATH=/home/marcos/PracticaROS/build/reactive_nav/prefix_override:/home/marcos/PracticaROS/install/reactive_nav/lib/python3.10/site-packages:${PYTHONPATH} /usr/bin/python3 setup.py egg_info --egg-base ../../build/reactive_nav build --build-base /home/marcos/PracticaROS/build/reactive_nav/build install --record /home/marcos/PracticaROS/build/reactive_nav/install.log --single-version-externally-managed
