running egg_info
writing ../../build/reactive_nav/reactive_nav.egg-info/PKG-INFO
writing dependency_links to ../../build/reactive_nav/reactive_nav.egg-info/dependency_links.txt
writing entry points to ../../build/reactive_nav/reactive_nav.egg-info/entry_points.txt
writing requirements to ../../build/reactive_nav/reactive_nav.egg-info/requires.txt
writing top-level names to ../../build/reactive_nav/reactive_nav.egg-info/top_level.txt
reading manifest file '../../build/reactive_nav/reactive_nav.egg-info/SOURCES.txt'
writing manifest file '../../build/reactive_nav/reactive_nav.egg-info/SOURCES.txt'
running build
running build_py
running install
running install_lib
running install_data
copying package.xml -> /home/marcos/PracticaROS/install/reactive_nav/share/reactive_nav
running install_egg_info
removing '/home/marcos/PracticaROS/install/reactive_nav/lib/python3.10/site-packages/reactive_nav-0.0.0-py3.10.egg-info' (and everything under it)
Copying ../../build/reactive_nav/reactive_nav.egg-info to /home/marcos/PracticaROS/install/reactive_nav/lib/python3.10/site-packages/reactive_nav-0.0.0-py3.10.egg-info
running install_scripts
Installing potential_fields_nav script to /home/marcos/PracticaROS/install/reactive_nav/lib/reactive_nav
writing list of installed files to '/home/marcos/PracticaROS/build/reactive_nav/install.log'
