[3.249s] Invoking command in '/home/marcos/PracticaROS/src/reactive_nav': PYTHONPATH=/home/marcos/PracticaROS/build/reactive_nav/prefix_override:/home/marcos/PracticaROS/install/reactive_nav/lib/python3.10/site-packages:${PYTHONPATH} /usr/bin/python3 setup.py egg_info --egg-base ../../build/reactive_nav build --build-base /home/marcos/PracticaROS/build/reactive_nav/build install --record /home/marcos/PracticaROS/build/reactive_nav/install.log --single-version-externally-managed
[4.052s] running egg_info
[4.054s] writing ../../build/reactive_nav/reactive_nav.egg-info/PKG-INFO
[4.054s] writing dependency_links to ../../build/reactive_nav/reactive_nav.egg-info/dependency_links.txt
[4.055s] writing entry points to ../../build/reactive_nav/reactive_nav.egg-info/entry_points.txt
[4.056s] writing requirements to ../../build/reactive_nav/reactive_nav.egg-info/requires.txt
[4.056s] writing top-level names to ../../build/reactive_nav/reactive_nav.egg-info/top_level.txt
[4.063s] reading manifest file '../../build/reactive_nav/reactive_nav.egg-info/SOURCES.txt'
[4.065s] writing manifest file '../../build/reactive_nav/reactive_nav.egg-info/SOURCES.txt'
[4.071s] running build
[4.071s] running build_py
[4.072s] copying reactive_nav/potential_fields_nav.py -> /home/marcos/PracticaROS/build/reactive_nav/build/lib/reactive_nav
[4.073s] running install
[4.074s] running install_lib
[4.075s] copying /home/marcos/PracticaROS/build/reactive_nav/build/lib/reactive_nav/potential_fields_nav.py -> /home/marcos/PracticaROS/install/reactive_nav/lib/python3.10/site-packages/reactive_nav
[4.075s] byte-compiling /home/marcos/PracticaROS/install/reactive_nav/lib/python3.10/site-packages/reactive_nav/potential_fields_nav.py to potential_fields_nav.cpython-310.pyc
[4.077s] running install_data
[4.078s] running install_egg_info
[4.082s] removing '/home/marcos/PracticaROS/install/reactive_nav/lib/python3.10/site-packages/reactive_nav-0.0.0-py3.10.egg-info' (and everything under it)
[4.083s] Copying ../../build/reactive_nav/reactive_nav.egg-info to /home/marcos/PracticaROS/install/reactive_nav/lib/python3.10/site-packages/reactive_nav-0.0.0-py3.10.egg-info
[4.087s] running install_scripts
[4.142s] Installing potential_fields_nav script to /home/marcos/PracticaROS/install/reactive_nav/lib/reactive_nav
[4.143s] writing list of installed files to '/home/marcos/PracticaROS/build/reactive_nav/install.log'
[4.248s] Invoked command in '/home/marcos/PracticaROS/src/reactive_nav' returned '0': PYTHONPATH=/home/marcos/PracticaROS/build/reactive_nav/prefix_override:/home/marcos/PracticaROS/install/reactive_nav/lib/python3.10/site-packages:${PYTHONPATH} /usr/bin/python3 setup.py egg_info --egg-base ../../build/reactive_nav build --build-base /home/marcos/PracticaROS/build/reactive_nav/build install --record /home/marcos/PracticaROS/build/reactive_nav/install.log --single-version-externally-managed
