[1.630s] Invoking command in '/home/marcos/PracticaROS/src/reactive_nav': PYTHONPATH=/home/marcos/PracticaROS/build/reactive_nav/prefix_override:/home/marcos/PracticaROS/install/reactive_nav/lib/python3.10/site-packages:${PYTHONPATH} /usr/bin/python3 setup.py egg_info --egg-base ../../build/reactive_nav build --build-base /home/marcos/PracticaROS/build/reactive_nav/build install --record /home/marcos/PracticaROS/build/reactive_nav/install.log --single-version-externally-managed
[2.124s] running egg_info
[2.125s] writing ../../build/reactive_nav/reactive_nav.egg-info/PKG-INFO
[2.125s] writing dependency_links to ../../build/reactive_nav/reactive_nav.egg-info/dependency_links.txt
[2.127s] writing entry points to ../../build/reactive_nav/reactive_nav.egg-info/entry_points.txt
[2.127s] writing requirements to ../../build/reactive_nav/reactive_nav.egg-info/requires.txt
[2.127s] writing top-level names to ../../build/reactive_nav/reactive_nav.egg-info/top_level.txt
[2.132s] reading manifest file '../../build/reactive_nav/reactive_nav.egg-info/SOURCES.txt'
[2.135s] writing manifest file '../../build/reactive_nav/reactive_nav.egg-info/SOURCES.txt'
[2.136s] running build
[2.136s] running build_py
[2.137s] copying reactive_nav/potential_fields_nav.py -> /home/marcos/PracticaROS/build/reactive_nav/build/lib/reactive_nav
[2.137s] running install
[2.138s] running install_lib
[2.140s] copying /home/marcos/PracticaROS/build/reactive_nav/build/lib/reactive_nav/potential_fields_nav.py -> /home/marcos/PracticaROS/install/reactive_nav/lib/python3.10/site-packages/reactive_nav
[2.142s] byte-compiling /home/marcos/PracticaROS/install/reactive_nav/lib/python3.10/site-packages/reactive_nav/potential_fields_nav.py to potential_fields_nav.cpython-310.pyc
[2.145s] running install_data
[2.146s] running install_egg_info
[2.150s] removing '/home/marcos/PracticaROS/install/reactive_nav/lib/python3.10/site-packages/reactive_nav-0.0.0-py3.10.egg-info' (and everything under it)
[2.150s] Copying ../../build/reactive_nav/reactive_nav.egg-info to /home/marcos/PracticaROS/install/reactive_nav/lib/python3.10/site-packages/reactive_nav-0.0.0-py3.10.egg-info
[2.152s] running install_scripts
[2.184s] Installing potential_fields_nav script to /home/marcos/PracticaROS/install/reactive_nav/lib/reactive_nav
[2.186s] writing list of installed files to '/home/marcos/PracticaROS/build/reactive_nav/install.log'
[2.284s] Invoked command in '/home/marcos/PracticaROS/src/reactive_nav' returned '0': PYTHONPATH=/home/marcos/PracticaROS/build/reactive_nav/prefix_override:/home/marcos/PracticaROS/install/reactive_nav/lib/python3.10/site-packages:${PYTHONPATH} /usr/bin/python3 setup.py egg_info --egg-base ../../build/reactive_nav build --build-base /home/marcos/PracticaROS/build/reactive_nav/build install --record /home/marcos/PracticaROS/build/reactive_nav/install.log --single-version-externally-managed
