[2.003s] Invoking command in '/home/marcos/PracticaROS/src/reactive_nav': PYTHONPATH=/home/marcos/PracticaROS/build/reactive_nav/prefix_override:/home/marcos/PracticaROS/install/reactive_nav/lib/python3.10/site-packages:${PYTHONPATH} /usr/bin/python3 setup.py egg_info --egg-base ../../build/reactive_nav build --build-base /home/marcos/PracticaROS/build/reactive_nav/build install --record /home/marcos/PracticaROS/build/reactive_nav/install.log --single-version-externally-managed
[2.477s] running egg_info
[2.478s] writing ../../build/reactive_nav/reactive_nav.egg-info/PKG-INFO
[2.480s] writing dependency_links to ../../build/reactive_nav/reactive_nav.egg-info/dependency_links.txt
[2.480s] writing entry points to ../../build/reactive_nav/reactive_nav.egg-info/entry_points.txt
[2.481s] writing requirements to ../../build/reactive_nav/reactive_nav.egg-info/requires.txt
[2.481s] writing top-level names to ../../build/reactive_nav/reactive_nav.egg-info/top_level.txt
[2.484s] reading manifest file '../../build/reactive_nav/reactive_nav.egg-info/SOURCES.txt'
[2.486s] writing manifest file '../../build/reactive_nav/reactive_nav.egg-info/SOURCES.txt'
[2.486s] running build
[2.487s] running build_py
[2.487s] running install
[2.487s] running install_lib
[2.490s] running install_data
[2.491s] running install_egg_info
[2.495s] removing '/home/marcos/PracticaROS/install/reactive_nav/lib/python3.10/site-packages/reactive_nav-0.0.0-py3.10.egg-info' (and everything under it)
[2.495s] Copying ../../build/reactive_nav/reactive_nav.egg-info to /home/marcos/PracticaROS/install/reactive_nav/lib/python3.10/site-packages/reactive_nav-0.0.0-py3.10.egg-info
[2.497s] running install_scripts
[2.532s] Installing potential_fields_nav script to /home/marcos/PracticaROS/install/reactive_nav/lib/reactive_nav
[2.533s] writing list of installed files to '/home/marcos/PracticaROS/build/reactive_nav/install.log'
[2.589s] Invoked command in '/home/marcos/PracticaROS/src/reactive_nav' returned '0': PYTHONPATH=/home/marcos/PracticaROS/build/reactive_nav/prefix_override:/home/marcos/PracticaROS/install/reactive_nav/lib/python3.10/site-packages:${PYTHONPATH} /usr/bin/python3 setup.py egg_info --egg-base ../../build/reactive_nav build --build-base /home/marcos/PracticaROS/build/reactive_nav/build install --record /home/marcos/PracticaROS/build/reactive_nav/install.log --single-version-externally-managed
