[2.407s] Invoking command in '/home/marcos/PracticaROS/src/reactive_nav': PYTHONPATH=/home/marcos/PracticaROS/build/reactive_nav/prefix_override:/home/marcos/PracticaROS/install/reactive_nav/lib/python3.10/site-packages:${PYTHONPATH} /usr/bin/python3 setup.py egg_info --egg-base ../../build/reactive_nav build --build-base /home/marcos/PracticaROS/build/reactive_nav/build install --record /home/marcos/PracticaROS/build/reactive_nav/install.log --single-version-externally-managed
[3.130s] running egg_info
[3.131s] creating ../../build/reactive_nav/reactive_nav.egg-info
[3.132s] writing ../../build/reactive_nav/reactive_nav.egg-info/PKG-INFO
[3.133s] writing dependency_links to ../../build/reactive_nav/reactive_nav.egg-info/dependency_links.txt
[3.134s] writing entry points to ../../build/reactive_nav/reactive_nav.egg-info/entry_points.txt
[3.135s] writing requirements to ../../build/reactive_nav/reactive_nav.egg-info/requires.txt
[3.135s] writing top-level names to ../../build/reactive_nav/reactive_nav.egg-info/top_level.txt
[3.135s] writing manifest file '../../build/reactive_nav/reactive_nav.egg-info/SOURCES.txt'
[3.140s] reading manifest file '../../build/reactive_nav/reactive_nav.egg-info/SOURCES.txt'
[3.142s] writing manifest file '../../build/reactive_nav/reactive_nav.egg-info/SOURCES.txt'
[3.142s] running build
[3.142s] running build_py
[3.143s] creating /home/marcos/PracticaROS/build/reactive_nav/build
[3.143s] creating /home/marcos/PracticaROS/build/reactive_nav/build/lib
[3.143s] creating /home/marcos/PracticaROS/build/reactive_nav/build/lib/reactive_nav
[3.144s] copying reactive_nav/__init__.py -> /home/marcos/PracticaROS/build/reactive_nav/build/lib/reactive_nav
[3.144s] copying reactive_nav/potential_fields_nav.py -> /home/marcos/PracticaROS/build/reactive_nav/build/lib/reactive_nav
[3.144s] running install
[3.144s] running install_lib
[3.145s] creating /home/marcos/PracticaROS/install/reactive_nav/lib/python3.10/site-packages/reactive_nav
[3.146s] copying /home/marcos/PracticaROS/build/reactive_nav/build/lib/reactive_nav/__init__.py -> /home/marcos/PracticaROS/install/reactive_nav/lib/python3.10/site-packages/reactive_nav
[3.146s] copying /home/marcos/PracticaROS/build/reactive_nav/build/lib/reactive_nav/potential_fields_nav.py -> /home/marcos/PracticaROS/install/reactive_nav/lib/python3.10/site-packages/reactive_nav
[3.147s] byte-compiling /home/marcos/PracticaROS/install/reactive_nav/lib/python3.10/site-packages/reactive_nav/__init__.py to __init__.cpython-310.pyc
[3.148s] byte-compiling /home/marcos/PracticaROS/install/reactive_nav/lib/python3.10/site-packages/reactive_nav/potential_fields_nav.py to potential_fields_nav.cpython-310.pyc
[3.149s] running install_data
[3.151s] creating /home/marcos/PracticaROS/install/reactive_nav/share/ament_index
[3.151s] creating /home/marcos/PracticaROS/install/reactive_nav/share/ament_index/resource_index
[3.152s] creating /home/marcos/PracticaROS/install/reactive_nav/share/ament_index/resource_index/packages
[3.153s] copying resource/reactive_nav -> /home/marcos/PracticaROS/install/reactive_nav/share/ament_index/resource_index/packages
[3.153s] copying package.xml -> /home/marcos/PracticaROS/install/reactive_nav/share/reactive_nav
[3.154s] running install_egg_info
[3.156s] Copying ../../build/reactive_nav/reactive_nav.egg-info to /home/marcos/PracticaROS/install/reactive_nav/lib/python3.10/site-packages/reactive_nav-0.0.0-py3.10.egg-info
[3.158s] running install_scripts
[3.210s] Installing potential_fields_nav script to /home/marcos/PracticaROS/install/reactive_nav/lib/reactive_nav
[3.210s] writing list of installed files to '/home/marcos/PracticaROS/build/reactive_nav/install.log'
[3.303s] Invoked command in '/home/marcos/PracticaROS/src/reactive_nav' returned '0': PYTHONPATH=/home/marcos/PracticaROS/build/reactive_nav/prefix_override:/home/marcos/PracticaROS/install/reactive_nav/lib/python3.10/site-packages:${PYTHONPATH} /usr/bin/python3 setup.py egg_info --egg-base ../../build/reactive_nav build --build-base /home/marcos/PracticaROS/build/reactive_nav/build install --record /home/marcos/PracticaROS/build/reactive_nav/install.log --single-version-externally-managed
