[0.613s] Invoking command in '/home/marcos/PracticaROS/src/reactive_nav': PYTHONPATH=/home/marcos/PracticaROS/build/reactive_nav/prefix_override:/home/marcos/PracticaROS/install/reactive_nav/lib/python3.10/site-packages:${PYTHONPATH} /usr/bin/python3 setup.py egg_info --egg-base ../../build/reactive_nav build --build-base /home/marcos/PracticaROS/build/reactive_nav/build install --record /home/marcos/PracticaROS/build/reactive_nav/install.log --single-version-externally-managed
[0.836s] running egg_info
[0.837s] writing ../../build/reactive_nav/reactive_nav.egg-info/PKG-INFO
[0.837s] writing dependency_links to ../../build/reactive_nav/reactive_nav.egg-info/dependency_links.txt
[0.837s] writing entry points to ../../build/reactive_nav/reactive_nav.egg-info/entry_points.txt
[0.837s] writing requirements to ../../build/reactive_nav/reactive_nav.egg-info/requires.txt
[0.838s] writing top-level names to ../../build/reactive_nav/reactive_nav.egg-info/top_level.txt
[0.840s] reading manifest file '../../build/reactive_nav/reactive_nav.egg-info/SOURCES.txt'
[0.840s] writing manifest file '../../build/reactive_nav/reactive_nav.egg-info/SOURCES.txt'
[0.840s] running build
[0.840s] running build_py
[0.841s] copying reactive_nav/potential_fields_nav.py -> /home/marcos/PracticaROS/build/reactive_nav/build/lib/reactive_nav
[0.841s] running install
[0.841s] running install_lib
[0.842s] copying /home/marcos/PracticaROS/build/reactive_nav/build/lib/reactive_nav/potential_fields_nav.py -> /home/marcos/PracticaROS/install/reactive_nav/lib/python3.10/site-packages/reactive_nav
[0.842s] byte-compiling /home/marcos/PracticaROS/install/reactive_nav/lib/python3.10/site-packages/reactive_nav/potential_fields_nav.py to potential_fields_nav.cpython-310.pyc
[0.843s] running install_data
[0.843s] running install_egg_info
[0.845s] removing '/home/marcos/PracticaROS/install/reactive_nav/lib/python3.10/site-packages/reactive_nav-0.0.0-py3.10.egg-info' (and everything under it)
[0.845s] Copying ../../build/reactive_nav/reactive_nav.egg-info to /home/marcos/PracticaROS/install/reactive_nav/lib/python3.10/site-packages/reactive_nav-0.0.0-py3.10.egg-info
[0.846s] running install_scripts
[0.863s] Installing potential_fields_nav script to /home/marcos/PracticaROS/install/reactive_nav/lib/reactive_nav
[0.863s] writing list of installed files to '/home/marcos/PracticaROS/build/reactive_nav/install.log'
[0.886s] Invoked command in '/home/marcos/PracticaROS/src/reactive_nav' returned '0': PYTHONPATH=/home/marcos/PracticaROS/build/reactive_nav/prefix_override:/home/marcos/PracticaROS/install/reactive_nav/lib/python3.10/site-packages:${PYTHONPATH} /usr/bin/python3 setup.py egg_info --egg-base ../../build/reactive_nav build --build-base /home/marcos/PracticaROS/build/reactive_nav/build install --record /home/marcos/PracticaROS/build/reactive_nav/install.log --single-version-externally-managed
