[1.496s] Invoking command in '/home/marcos/PracticaROS/src/reactive_nav': PYTHONPATH=/home/marcos/PracticaROS/build/reactive_nav/prefix_override:/home/marcos/PracticaROS/install/reactive_nav/lib/python3.10/site-packages:${PYTHONPATH} /usr/bin/python3 setup.py egg_info --egg-base ../../build/reactive_nav build --build-base /home/marcos/PracticaROS/build/reactive_nav/build install --record /home/marcos/PracticaROS/build/reactive_nav/install.log --single-version-externally-managed
[1.917s] running egg_info
[1.918s] writing ../../build/reactive_nav/reactive_nav.egg-info/PKG-INFO
[1.918s] writing dependency_links to ../../build/reactive_nav/reactive_nav.egg-info/dependency_links.txt
[1.920s] writing entry points to ../../build/reactive_nav/reactive_nav.egg-info/entry_points.txt
[1.920s] writing requirements to ../../build/reactive_nav/reactive_nav.egg-info/requires.txt
[1.921s] writing top-level names to ../../build/reactive_nav/reactive_nav.egg-info/top_level.txt
[1.924s] reading manifest file '../../build/reactive_nav/reactive_nav.egg-info/SOURCES.txt'
[1.926s] writing manifest file '../../build/reactive_nav/reactive_nav.egg-info/SOURCES.txt'
[1.926s] running build
[1.927s] running build_py
[1.927s] copying reactive_nav/potential_fields_nav.py -> /home/marcos/PracticaROS/build/reactive_nav/build/lib/reactive_nav
[1.927s] running install
[1.927s] running install_lib
[1.928s] copying /home/marcos/PracticaROS/build/reactive_nav/build/lib/reactive_nav/potential_fields_nav.py -> /home/marcos/PracticaROS/install/reactive_nav/lib/python3.10/site-packages/reactive_nav
[1.928s] byte-compiling /home/marcos/PracticaROS/install/reactive_nav/lib/python3.10/site-packages/reactive_nav/potential_fields_nav.py to potential_fields_nav.cpython-310.pyc
[1.929s] running install_data
[1.930s] running install_egg_info
[1.931s] removing '/home/marcos/PracticaROS/install/reactive_nav/lib/python3.10/site-packages/reactive_nav-0.0.0-py3.10.egg-info' (and everything under it)
[1.932s] Copying ../../build/reactive_nav/reactive_nav.egg-info to /home/marcos/PracticaROS/install/reactive_nav/lib/python3.10/site-packages/reactive_nav-0.0.0-py3.10.egg-info
[1.933s] running install_scripts
[1.977s] Installing potential_fields_nav script to /home/marcos/PracticaROS/install/reactive_nav/lib/reactive_nav
[1.978s] writing list of installed files to '/home/marcos/PracticaROS/build/reactive_nav/install.log'
[2.064s] Invoked command in '/home/marcos/PracticaROS/src/reactive_nav' returned '0': PYTHONPATH=/home/marcos/PracticaROS/build/reactive_nav/prefix_override:/home/marcos/PracticaROS/install/reactive_nav/lib/python3.10/site-packages:${PYTHONPATH} /usr/bin/python3 setup.py egg_info --egg-base ../../build/reactive_nav build --build-base /home/marcos/PracticaROS/build/reactive_nav/build install --record /home/marcos/PracticaROS/build/reactive_nav/install.log --single-version-externally-managed
