[1.947s] Invoking command in '/home/marcos/PracticaROS/src/reactive_nav': PYTHONPATH=/home/marcos/PracticaROS/build/reactive_nav/prefix_override:/home/marcos/PracticaROS/install/reactive_nav/lib/python3.10/site-packages:${PYTHONPATH} /usr/bin/python3 setup.py egg_info --egg-base ../../build/reactive_nav build --build-base /home/marcos/PracticaROS/build/reactive_nav/build install --record /home/marcos/PracticaROS/build/reactive_nav/install.log --single-version-externally-managed
[2.489s] running egg_info
[2.491s] writing ../../build/reactive_nav/reactive_nav.egg-info/PKG-INFO
[2.492s] writing dependency_links to ../../build/reactive_nav/reactive_nav.egg-info/dependency_links.txt
[2.493s] writing entry points to ../../build/reactive_nav/reactive_nav.egg-info/entry_points.txt
[2.493s] writing requirements to ../../build/reactive_nav/reactive_nav.egg-info/requires.txt
[2.494s] writing top-level names to ../../build/reactive_nav/reactive_nav.egg-info/top_level.txt
[2.500s] reading manifest file '../../build/reactive_nav/reactive_nav.egg-info/SOURCES.txt'
[2.502s] writing manifest file '../../build/reactive_nav/reactive_nav.egg-info/SOURCES.txt'
[2.503s] running build
[2.503s] running build_py
[2.504s] copying reactive_nav/potential_fields_nav.py -> /home/marcos/PracticaROS/build/reactive_nav/build/lib/reactive_nav
[2.504s] running install
[2.505s] running install_lib
[2.507s] copying /home/marcos/PracticaROS/build/reactive_nav/build/lib/reactive_nav/potential_fields_nav.py -> /home/marcos/PracticaROS/install/reactive_nav/lib/python3.10/site-packages/reactive_nav
[2.510s] byte-compiling /home/marcos/PracticaROS/install/reactive_nav/lib/python3.10/site-packages/reactive_nav/potential_fields_nav.py to potential_fields_nav.cpython-310.pyc
[2.515s] running install_data
[2.517s] running install_egg_info
[2.524s] removing '/home/marcos/PracticaROS/install/reactive_nav/lib/python3.10/site-packages/reactive_nav-0.0.0-py3.10.egg-info' (and everything under it)
[2.525s] Copying ../../build/reactive_nav/reactive_nav.egg-info to /home/marcos/PracticaROS/install/reactive_nav/lib/python3.10/site-packages/reactive_nav-0.0.0-py3.10.egg-info
[2.527s] running install_scripts
[2.606s] Installing potential_fields_nav script to /home/marcos/PracticaROS/install/reactive_nav/lib/reactive_nav
[2.608s] writing list of installed files to '/home/marcos/PracticaROS/build/reactive_nav/install.log'
[2.721s] Invoked command in '/home/marcos/PracticaROS/src/reactive_nav' returned '0': PYTHONPATH=/home/marcos/PracticaROS/build/reactive_nav/prefix_override:/home/marcos/PracticaROS/install/reactive_nav/lib/python3.10/site-packages:${PYTHONPATH} /usr/bin/python3 setup.py egg_info --egg-base ../../build/reactive_nav build --build-base /home/marcos/PracticaROS/build/reactive_nav/build install --record /home/marcos/PracticaROS/build/reactive_nav/install.log --single-version-externally-managed
